2016-07-08T13:00:06-03:00 INFO (6): LOG
2016-07-08T13:00:06-03:00 INFO (6): Informacao de login - 13:07:06 usuario: pedro@gmail.com entrou.
2016-07-08T20:30:54-03:00 INFO (6): LOG
2016-07-08T20:30:54-03:00 INFO (6): Informacao de login - 20:07:54 usuario: amanda@hotmail.com entrou.
2016-07-09T19:12:01-03:00 INFO (6): LOG
2016-07-09T19:12:01-03:00 INFO (6): Informacao de login - 19:07:01 usuario: joao@hotmail.com entrou.
2016-07-11T09:46:55-03:00 INFO (6): LOG
2016-07-11T09:46:55-03:00 INFO (6): Informacao de login - 09:07:55 usuario: joao@hotmail.com entrou.
2016-07-11T09:52:09-03:00 INFO (6): LOG
2016-07-11T09:52:09-03:00 INFO (6): Informacao de login - 09:07:09 usuario: joao@hotmail.com entrou.
2016-07-11T10:10:22-03:00 INFO (6): LOG
2016-07-11T10:10:22-03:00 INFO (6): Informacao de login - 10:07:22 usuario: joao@hotmail.com entrou.
2016-07-11T10:35:26-03:00 INFO (6): LOG
2016-07-11T10:35:26-03:00 INFO (6): Informacao de login - 10:07:26 usuario: joao@hotmail.com entrou.
2016-07-11T10:37:58-03:00 INFO (6): LOG
2016-07-11T10:37:58-03:00 INFO (6): Informacao de login - 10:07:58 usuario: joao@hotmail.com entrou.
2016-07-11T10:43:58-03:00 INFO (6): LOG
2016-07-11T10:43:58-03:00 INFO (6): Informacao de login - 10:07:58 usuario: joao@hotmail.com entrou.
2016-07-11T11:31:08-03:00 INFO (6): LOG
2016-07-11T11:31:08-03:00 INFO (6): Informacao de login - 11:07:08 usuario: joao@hotmail.com entrou.
2016-07-11T11:34:55-03:00 INFO (6): LOG
2016-07-11T11:34:55-03:00 INFO (6): Informacao de login - 11:07:55 usuario: joao@hotmail.com entrou.
2016-07-11T11:58:25-03:00 INFO (6): LOG
2016-07-11T11:58:25-03:00 INFO (6): Informacao de login - 11:07:25 usuario: joao@hotmail.com entrou.
2016-07-11T11:58:53-03:00 INFO (6): LOG
2016-07-11T11:58:53-03:00 INFO (6): Informacao de login - 11:07:53 usuario: kruzprado@hotmail.com entrou.
2016-07-11T12:48:41-03:00 INFO (6): LOG
2016-07-11T12:48:41-03:00 INFO (6): Informacao de login - 12:07:41 usuario: guilherme@hotmail.com entrou.
2016-07-11T12:54:05-03:00 INFO (6): LOG
2016-07-11T12:54:05-03:00 INFO (6): Informacao de login - 12:07:05 usuario: guilherme@hotmail.com entrou.
2016-07-11T13:43:55-03:00 INFO (6): LOG
2016-07-11T13:43:55-03:00 INFO (6): Informacao de login - 13:07:55 usuario: guilherme@hotmail.com entrou.
2016-07-11T14:15:50-03:00 INFO (6): LOG
2016-07-11T14:15:50-03:00 INFO (6): Informacao de login - 14:07:50 usuario: kruzprado@hotmail.com entrou.
2016-07-11T14:16:54-03:00 INFO (6): LOG
2016-07-11T14:16:54-03:00 INFO (6): Informacao de login - 14:07:54 usuario: guilherme@hotmail.com entrou.
2016-07-11T14:22:45-03:00 INFO (6): LOG
2016-07-11T14:22:45-03:00 INFO (6): Informacao de login - 14:07:45 usuario: kruzprado@hotmail.com entrou.
2016-07-11T14:52:16-03:00 INFO (6): LOG
2016-07-11T14:52:16-03:00 INFO (6): Informacao de login - 14:07:16 usuario: kruzprado@hotmail.com entrou.
2016-07-11T20:40:36-03:00 INFO (6): LOG
2016-07-11T20:40:36-03:00 INFO (6): Informacao de login - 20:07:36 usuario: kruzprado@hotmail.com entrou.
2016-07-11T20:44:26-03:00 INFO (6): LOG
2016-07-11T20:44:26-03:00 INFO (6): Informacao de login - 20:07:26 usuario: kruzprado@hotmail.com entrou.
2016-07-12T09:34:14-03:00 INFO (6): LOG
2016-07-12T09:34:14-03:00 INFO (6): Informacao de login - 09:07:14 usuario: kruzprado@hotmail.com entrou.
2016-07-12T09:42:51-03:00 INFO (6): LOG
2016-07-12T09:42:51-03:00 INFO (6): Informacao de login - 09:07:51 usuario: kruzprado@hotmail.com entrou.
2016-07-12T10:05:52-03:00 INFO (6): LOG
2016-07-12T10:05:52-03:00 INFO (6): Informacao de login - 10:07:52 usuario: kruzprado@hotmail.com entrou.
2016-07-12T10:27:12-03:00 INFO (6): LOG
2016-07-12T10:27:12-03:00 INFO (6): Informacao de login - 10:07:12 usuario: kruzprado@hotmail.com entrou.
2016-07-12T11:38:47-03:00 INFO (6): LOG
2016-07-12T11:38:47-03:00 INFO (6): Informacao de login - 11:07:47 usuario: guilherme@hotmail.com entrou.
2016-07-12T11:53:13-03:00 INFO (6): LOG
2016-07-12T11:53:13-03:00 INFO (6): Informacao de login - 11:07:13 usuario: guilherme@hotmail.com entrou.
2016-07-12T12:55:19-03:00 INFO (6): LOG
2016-07-12T12:55:19-03:00 INFO (6): Informacao de login - 12:07:19 usuario: kruzprado@hotmail.com entrou.
2016-07-12T12:55:43-03:00 INFO (6): LOG
2016-07-12T12:55:43-03:00 INFO (6): Informacao de login - 12:07:43 usuario: guilherme@hotmail.com entrou.
2016-07-12T13:09:28-03:00 INFO (6): LOG
2016-07-12T13:09:28-03:00 INFO (6): Informacao de login - 13:07:28 usuario: guilherme@hotmail.com entrou.
2016-07-12T13:09:36-03:00 INFO (6): LOG
2016-07-12T13:09:36-03:00 INFO (6): Informacao de login - 13:07:36 usuario: kruzprado@hotmail.com entrou.
2016-07-12T13:11:04-03:00 INFO (6): LOG
2016-07-12T13:11:04-03:00 INFO (6): Informacao de login - 13:07:04 usuario: kruzprado@hotmail.com entrou.
2016-07-12T13:14:15-03:00 INFO (6): LOG
2016-07-12T13:14:15-03:00 INFO (6): Informacao de login - 13:07:15 usuario: pedro@hotmail.com entrou.
2016-07-12T13:14:27-03:00 INFO (6): LOG
2016-07-12T13:14:27-03:00 INFO (6): Informacao de login - 13:07:27 usuario: guilherme@hotmail.com entrou.
2016-07-12T13:50:45-03:00 INFO (6): LOG
2016-07-12T13:50:45-03:00 INFO (6): Informacao de login - 13:07:45 usuario: rola@querorola.com entrou.
2016-07-12T13:52:06-03:00 INFO (6): LOG
2016-07-12T13:52:06-03:00 INFO (6): Informacao de login - 13:07:06 usuario: kruzprado@hotmail.com entrou.
2016-07-12T14:02:31-03:00 INFO (6): LOG
2016-07-12T14:02:31-03:00 INFO (6): Informacao de login - 14:07:31 usuario: guilherme@hotmail.com entrou.
2016-07-12T14:18:13-03:00 INFO (6): LOG
2016-07-12T14:18:13-03:00 INFO (6): Informacao de login - 14:07:13 usuario: rola@querorola.com entrou.
2016-07-12T14:19:13-03:00 INFO (6): LOG
2016-07-12T14:19:13-03:00 INFO (6): Informacao de login - 14:07:13 usuario: kruzprado@hotmail.com entrou.
2016-07-12T14:21:22-03:00 INFO (6): LOG
2016-07-12T14:21:22-03:00 INFO (6): Informacao de login - 14:07:22 usuario: kruzprado@hotmail.com entrou.
2016-07-12T14:24:48-03:00 INFO (6): LOG
2016-07-12T14:24:48-03:00 INFO (6): Informacao de login - 14:07:48 usuario: guilherme@hotmail.com entrou.
2016-07-12T14:24:57-03:00 INFO (6): LOG
2016-07-12T14:24:57-03:00 INFO (6): Informacao de login - 14:07:57 usuario: rola@querorola.com entrou.
2016-07-12T15:33:58-03:00 INFO (6): LOG
2016-07-12T15:33:58-03:00 INFO (6): Informacao de login - 15:07:58 usuario: kruzprado@hotmail.com entrou.
2016-07-12T15:52:15-03:00 INFO (6): LOG
2016-07-12T15:52:15-03:00 INFO (6): Informacao de login - 15:07:15 usuario: rola@querorola.com entrou.
2016-07-12T15:52:26-03:00 INFO (6): LOG
2016-07-12T15:52:26-03:00 INFO (6): Informacao de login - 15:07:26 usuario: kruzprado@hotmail.com entrou.
2016-07-12T15:53:14-03:00 INFO (6): LOG
2016-07-12T15:53:14-03:00 INFO (6): Informacao de login - 15:07:14 usuario: rola@querorola.com entrou.
2016-07-12T16:50:23-03:00 INFO (6): LOG
2016-07-12T16:50:23-03:00 INFO (6): Informacao de login - 16:07:23 usuario: kruzprado@hotmail.com entrou.
2016-07-12T22:44:43-03:00 INFO (6): LOG
2016-07-12T22:44:43-03:00 INFO (6): Informacao de login - 22:07:43 usuario: kruzprado@hotmail.com entrou.
2016-07-12T23:08:43-03:00 INFO (6): LOG
2016-07-12T23:08:43-03:00 INFO (6): Informacao de login - 23:07:43 usuario: guilherme@hotmail.com entrou.
2016-07-13T08:36:05-03:00 INFO (6): LOG
2016-07-13T08:36:05-03:00 INFO (6): Informacao de login - 08:07:05 usuario: kruzprado@hotmail.com entrou.
2016-07-13T12:48:27-03:00 INFO (6): LOG
2016-07-13T12:48:27-03:00 INFO (6): Informacao de login - 12:07:27 usuario: kruzprado@hotmail.com entrou.
2016-07-13T12:54:52-03:00 INFO (6): LOG
2016-07-13T12:54:52-03:00 INFO (6): Informacao de login - 12:07:52 usuario: kruzprado@hotmail.com entrou.
2016-07-13T14:24:29-03:00 INFO (6): LOG
2016-07-13T14:24:29-03:00 INFO (6): Informacao de login - 14:07:29 usuario: rola@querorola.com entrou.
2016-07-13T14:24:39-03:00 INFO (6): LOG
2016-07-13T14:24:39-03:00 INFO (6): Informacao de login - 14:07:39 usuario: rola@querorola.com entrou.
2016-07-13T14:30:33-03:00 INFO (6): LOG
2016-07-13T14:30:33-03:00 INFO (6): Informacao de login - 14:07:33 usuario: kruzprado@hotmail.com entrou.
2016-07-13T16:26:22-03:00 INFO (6): LOG
2016-07-13T16:26:22-03:00 INFO (6): Informacao de login - 16:07:22 usuario: kruzprado@hotmail.com entrou.
